[debug] [2021-06-02T03:45:33.898Z] ----------------------------------------------------------------------
[debug] [2021-06-02T03:45:33.900Z] Command:       C:\Program Files\nodejs\node.exe C:\Users\Acer\AppData\Roaming\npm\node_modules\firebase-tools\lib\bin\firebase.js init
[debug] [2021-06-02T03:45:33.900Z] CLI Version:   9.12.1
[debug] [2021-06-02T03:45:33.900Z] Platform:      win32
[debug] [2021-06-02T03:45:33.900Z] Node Version:  v14.17.0
[debug] [2021-06-02T03:45:33.901Z] Time:          Wed Jun 02 2021 11:45:33 GMT+0800 (Philippine Standard Time)
[debug] [2021-06-02T03:45:33.901Z] ----------------------------------------------------------------------
[debug] 
[debug] [2021-06-02T03:45:33.907Z] > command requires scopes: ["email","openid","https://www.googleapis.com/auth/cloudplatformprojects.readonly","https://www.googleapis.com/auth/firebase","https://www.googleapis.com/auth/cloud-platform"]
[debug] [2021-06-02T03:45:33.907Z] > authorizing via signed-in user (johncalvin.go18@gmail.com)
[info] 
     ######## #### ########  ######## ########     ###     ######  ########
     ##        ##  ##     ## ##       ##     ##  ##   ##  ##       ##
     ######    ##  ########  ######   ########  #########  ######  ######
     ##        ##  ##    ##  ##       ##     ## ##     ##       ## ##
     ##       #### ##     ## ######## ########  ##     ##  ######  ########

You're about to initialize a Firebase project in this directory:

  C:\Users\Acer\Documents\HTML\Admin_Website

Before we get started, keep in mind:

  * You are initializing in an existing Firebase project directory

[info] 
=== Project Setup
[info] 
[info] First, let's associate this project directory with a Firebase project.
[info] You can create multiple project aliases by running firebase use --add, 
[info] but for now we'll just set up a default project.
[info] 
[debug] [2021-06-02T03:47:14.524Z] >>> [apiv2][query] GET https://firebase.googleapis.com/v1beta1/projects/repsys-14ce6 [none]
[debug] [2021-06-02T03:47:14.920Z] <<< [apiv2][status] GET https://firebase.googleapis.com/v1beta1/projects/repsys-14ce6 200
[debug] [2021-06-02T03:47:14.920Z] <<< [apiv2][body] GET https://firebase.googleapis.com/v1beta1/projects/repsys-14ce6 {"projectId":"repsys-14ce6","projectNumber":"211692772351","displayName":"757Repsys","name":"projects/repsys-14ce6","resources":{"hostingSite":"repsys-14ce6","realtimeDatabaseInstance":"repsys-14ce6-default-rtdb","storageBucket":"repsys-14ce6.appspot.com","locationId":"asia-southeast2"},"state":"ACTIVE"}
[info] i  Using project repsys-14ce6 (757Repsys) 
[info] 
=== Functions Setup
[info] 
[info] A functions directory will be created in your project with a Node.js
[info] package pre-configured. Functions can be deployed with firebase deploy.
[info] 
[debug] [2021-06-02T03:47:14.933Z] > command requires scopes: ["email","openid","https://www.googleapis.com/auth/cloudplatformprojects.readonly","https://www.googleapis.com/auth/firebase","https://www.googleapis.com/auth/cloud-platform"]
[debug] [2021-06-02T03:47:14.933Z] > authorizing via signed-in user (johncalvin.go18@gmail.com)
[debug] [2021-06-02T03:47:14.933Z] [iam] checking project repsys-14ce6 for permissions ["firebase.projects.get"]
[debug] [2021-06-02T03:47:14.934Z] > refreshing access token with scopes: ["email","https://www.googleapis.com/auth/cloud-platform","https://www.googleapis.com/auth/cloudplatformprojects.readonly","https://www.googleapis.com/auth/firebase","openid"]
[debug] [2021-06-02T03:47:14.934Z] >>> HTTP REQUEST POST https://www.googleapis.com/oauth2/v3/token  
 <request body omitted>
[debug] [2021-06-02T03:47:15.094Z] <<< HTTP RESPONSE 200 {"pragma":"no-cache","date":"Wed, 02 Jun 2021 03:47:15 GMT","expires":"Mon, 01 Jan 1990 00:00:00 GMT","cache-control":"no-cache, no-store, max-age=0, must-revalidate","content-type":"application/json; charset=utf-8","vary":"X-Origin, Referer, Origin,Accept-Encoding","server":"scaffolding on HTTPServer2","x-xss-protection":"0","x-frame-options":"SAMEORIGIN","x-content-type-options":"nosniff","alt-svc":"h3-29=\":443\"; ma=2592000,h3-T051=\":443\"; ma=2592000,h3-Q050=\":443\"; ma=2592000,h3-Q046=\":443\"; ma=2592000,h3-Q043=\":443\"; ma=2592000,quic=\":443\"; ma=2592000; v=\"46,43\"","accept-ranges":"none","transfer-encoding":"chunked"}
[debug] [2021-06-02T03:47:15.108Z] >>> HTTP REQUEST POST https://cloudresourcemanager.googleapis.com/v1/projects/repsys-14ce6:testIamPermissions  
 {"permissions":["firebase.projects.get"]}
[debug] [2021-06-02T03:47:16.054Z] <<< HTTP RESPONSE 200 {"content-type":"application/json; charset=UTF-8","vary":"X-Origin, Referer, Origin,Accept-Encoding","date":"Wed, 02 Jun 2021 03:47:16 GMT","server":"ESF","cache-control":"private","x-xss-protection":"0","x-frame-options":"SAMEORIGIN","x-content-type-options":"nosniff","server-timing":"gfet4t7; dur=819","alt-svc":"h3-29=\":443\"; ma=2592000,h3-T051=\":443\"; ma=2592000,h3-Q050=\":443\"; ma=2592000,h3-Q046=\":443\"; ma=2592000,h3-Q043=\":443\"; ma=2592000,quic=\":443\"; ma=2592000; v=\"46,43\"","accept-ranges":"none","transfer-encoding":"chunked"}
[debug] [2021-06-02T03:47:16.055Z] >>> HTTP REQUEST POST https://serviceusage.googleapis.com/v1/projects/repsys-14ce6/services/cloudfunctions.googleapis.com:enable  
 
[debug] [2021-06-02T03:47:16.055Z] >>> HTTP REQUEST POST https://serviceusage.googleapis.com/v1/projects/repsys-14ce6/services/runtimeconfig.googleapis.com:enable  
 
[debug] [2021-06-02T03:47:17.555Z] <<< HTTP RESPONSE 200 {"content-type":"application/json; charset=UTF-8","vary":"X-Origin, Referer, Origin,Accept-Encoding","date":"Wed, 02 Jun 2021 03:47:18 GMT","server":"ESF","cache-control":"private","x-xss-protection":"0","x-frame-options":"SAMEORIGIN","x-content-type-options":"nosniff","alt-svc":"h3-29=\":443\"; ma=2592000,h3-T051=\":443\"; ma=2592000,h3-Q050=\":443\"; ma=2592000,h3-Q046=\":443\"; ma=2592000,h3-Q043=\":443\"; ma=2592000,quic=\":443\"; ma=2592000; v=\"46,43\"","accept-ranges":"none","transfer-encoding":"chunked"}
[debug] [2021-06-02T03:47:17.687Z] <<< HTTP RESPONSE 200 {"content-type":"application/json; charset=UTF-8","vary":"X-Origin, Referer, Origin,Accept-Encoding","date":"Wed, 02 Jun 2021 03:47:18 GMT","server":"ESF","cache-control":"private","x-xss-protection":"0","x-frame-options":"SAMEORIGIN","x-content-type-options":"nosniff","alt-svc":"h3-29=\":443\"; ma=2592000,h3-T051=\":443\"; ma=2592000,h3-Q050=\":443\"; ma=2592000,h3-Q046=\":443\"; ma=2592000,h3-Q043=\":443\"; ma=2592000,quic=\":443\"; ma=2592000; v=\"46,43\"","accept-ranges":"none","transfer-encoding":"chunked"}
[info] +  Wrote functions/package.json 
[info] +  Wrote functions/.eslintrc.js 
[info] +  Wrote functions/index.js 
[info] +  Wrote functions/.gitignore 
[info] 
=== Storage Setup
[info] 
[info] Firebase Storage Security Rules allow you to define how and when to allow
[info] uploads and downloads. You can keep these rules in your project directory
[info] and publish them with firebase deploy.
[info] 
